<?xml version="1.0" encoding="UTF-8"?>
<!-- Generated by org.testng.reporters.JUnitXMLReporter -->
<testsuite ignored="1" hostname="Syeds-MacBook-Pro-2.local" failures="0" tests="1" name="Default test" time="22.184" errors="0" timestamp="12 Nov 2021 21:05:22 GMT">
  <testcase classname="mobiletestrunner.MenuTest" name="coldDrinks" time="8.746"/>
  <testcase classname="mobiletestrunner.MenuTest" name="hotDrinks" time="0.0">
    <ignored/>
  </testcase> <!-- hotDrinks -->
</testsuite> <!-- Default test -->
