<?xml version="1.0" encoding="UTF-8"?>
<testng-results ignored="0" total="1" passed="1" failed="0" skipped="0">
  <reporter-output>
  </reporter-output>
  <suite started-at="2021-10-29T19:44:10Z" name="Default suite" finished-at="2021-10-29T19:44:31Z" duration-ms="21429">
    <groups>
    </groups>
    <test started-at="2021-10-29T19:44:10Z" name="Default test" finished-at="2021-10-29T19:44:31Z" duration-ms="21429">
      <class name="mobiletestrunner.MenuTest">
        <test-method is-config="true" signature="setup()[pri:0, instance:mobiletestrunner.MenuTest@6892b3b6]" started-at="2021-10-29T19:44:10Z" name="setup" finished-at="2021-10-29T19:44:20Z" duration-ms="10287" status="PASS">
          <reporter-output>
          </reporter-output>
        </test-method> <!-- setup -->
        <test-method signature="Test1()[pri:0, instance:mobiletestrunner.MenuTest@6892b3b6]" started-at="2021-10-29T19:44:20Z" name="Test1" finished-at="2021-10-29T19:44:26Z" duration-ms="5756" status="PASS">
          <reporter-output>
          </reporter-output>
        </test-method> <!-- Test1 -->
        <test-method is-config="true" signature="tearDown()[pri:0, instance:mobiletestrunner.MenuTest@6892b3b6]" started-at="2021-10-29T19:44:26Z" name="tearDown" finished-at="2021-10-29T19:44:31Z" duration-ms="5367" status="PASS">
          <reporter-output>
          </reporter-output>
        </test-method> <!-- tearDown -->
      </class> <!-- mobiletestrunner.MenuTest -->
    </test> <!-- Default test -->
  </suite> <!-- Default suite -->
</testng-results>
