<?xml version="1.0" encoding="UTF-8"?>
<testng-results ignored="0" total="1" passed="1" failed="0" skipped="0">
  <reporter-output>
  </reporter-output>
  <suite started-at="2021-11-20T04:57:28Z" name="Default suite" finished-at="2021-11-20T04:57:50Z" duration-ms="22159">
    <groups>
    </groups>
    <test started-at="2021-11-20T04:57:28Z" name="Default test" finished-at="2021-11-20T04:57:50Z" duration-ms="22159">
      <class name="expediatestrunner.SearchTest">
        <test-method is-config="true" signature="setup()[pri:0, instance:expediatestrunner.SearchTest@51e69659]" started-at="2021-11-20T04:57:28Z" name="setup" finished-at="2021-11-20T04:57:32Z" duration-ms="4386" status="PASS">
          <reporter-output>
          </reporter-output>
        </test-method> <!-- setup -->
        <test-method signature="test()[pri:0, instance:expediatestrunner.SearchTest@51e69659]" started-at="2021-11-20T04:57:32Z" name="test" finished-at="2021-11-20T04:57:45Z" duration-ms="12546" status="PASS">
          <reporter-output>
          </reporter-output>
        </test-method> <!-- test -->
        <test-method is-config="true" signature="tearDown()[pri:0, instance:expediatestrunner.SearchTest@51e69659]" started-at="2021-11-20T04:57:45Z" name="tearDown" finished-at="2021-11-20T04:57:50Z" duration-ms="5206" status="PASS">
          <reporter-output>
          </reporter-output>
        </test-method> <!-- tearDown -->
      </class> <!-- expediatestrunner.SearchTest -->
    </test> <!-- Default test -->
  </suite> <!-- Default suite -->
</testng-results>
